# JRE version: OpenJDK Runtime Environment (17.0.6) (build 17.0.6+0-b2043.56-10027231)
# Java VM: OpenJDK 64-Bit Server VM (17.0.6+0-b2043.56-10027231, mixed mode, tiered, compressed oops, compressed class ptrs, g1 gc, windows-amd64)
GC Precious Log:
 CPUs: 8 total, 8 available
 Memory: 7502M
 Large Page Support: Disabled
 NUMA Support: Disabled
 Compressed Oops: Enabled (32-bit)
 Heap Region Size: 1M
 Heap Min Capacity: 8M
 Heap Initial Capacity: 118M
 Heap Max Capacity: 1876M
 Pre-touch: Disabled
 Parallel Workers: 8
 Concurrent Workers: 2
 Concurrent Refinement Workers: 8
 Periodic GC: Disabled
Heap:
 garbage-first heap   total 94208K, used 50901K [0x000000008ac00000, 0x0000000100000000)
  region size 1024K, 7 young (7168K), 1 survivors (1024K)
 Metaspace       used 61332K, committed 61568K, reserved 1105920K
  class space    used 7379K, committed 7488K, reserved 1048576K
GC Heap History (20 events):
Event: 2.470 GC heap before
{Heap before GC invocations=9 (full 0):
 garbage-first heap   total 60416K, used 43559K [0x000000008ac00000, 0x0000000100000000)
  region size 1024K, 22 young (22528K), 3 survivors (3072K)
 Metaspace       used 41014K, committed 41216K, reserved 1089536K
  class space    used 5007K, committed 5120K, reserved 1048576K
}
Event: 2.475 GC heap after
{Heap after GC invocations=10 (full 0):
 garbage-first heap   total 60416K, used 26815K [0x000000008ac00000, 0x0000000100000000)
  region size 1024K, 3 young (3072K), 3 survivors (3072K)
 Metaspace       used 41014K, committed 41216K, reserved 1089536K
  class space    used 5007K, committed 5120K, reserved 1048576K
}
Event: 2.779 GC heap before
{Heap before GC invocations=10 (full 0):
 garbage-first heap   total 60416K, used 45247K [0x000000008ac00000, 0x0000000100000000)
  region size 1024K, 21 young (21504K), 3 survivors (3072K)
 Metaspace       used 45513K, committed 45696K, reserved 1089536K
  class space    used 5533K, committed 5632K, reserved 1048576K
}
Event: 2.785 GC heap after
{Heap after GC invocations=11 (full 0):
 garbage-first heap   total 60416K, used 28081K [0x000000008ac00000, 0x0000000100000000)
  region size 1024K, 2 young (2048K), 2 survivors (2048K)
 Metaspace       used 45513K, committed 45696K, reserved 1089536K
  class space    used 5533K, committed 5632K, reserved 1048576K
}
Event: 3.042 GC heap before
{Heap before GC invocations=11 (full 0):
 garbage-first heap   total 60416K, used 37297K [0x000000008ac00000, 0x0000000100000000)
  region size 1024K, 12 young (12288K), 2 survivors (2048K)
 Metaspace       used 48049K, committed 48256K, reserved 1097728K
  class space    used 5835K, committed 5888K, reserved 1048576K
}
Event: 3.049 GC heap after
{Heap after GC invocations=12 (full 0):
 garbage-first heap   total 72704K, used 29111K [0x000000008ac00000, 0x0000000100000000)
  region size 1024K, 3 young (3072K), 3 survivors (3072K)
 Metaspace       used 48049K, committed 48256K, reserved 1097728K
  class space    used 5835K, committed 5888K, reserved 1048576K
}
Event: 3.242 GC heap before
{Heap before GC invocations=12 (full 0):
 garbage-first heap   total 72704K, used 55735K [0x000000008ac00000, 0x0000000100000000)
  region size 1024K, 27 young (27648K), 3 survivors (3072K)
 Metaspace       used 48687K, committed 48896K, reserved 1097728K
  class space    used 5867K, committed 5952K, reserved 1048576K
}
Event: 3.249 GC heap after
{Heap after GC invocations=13 (full 0):
 garbage-first heap   total 72704K, used 34164K [0x000000008ac00000, 0x0000000100000000)
  region size 1024K, 4 young (4096K), 4 survivors (4096K)
 Metaspace       used 48687K, committed 48896K, reserved 1097728K
  class space    used 5867K, committed 5952K, reserved 1048576K
}
Event: 3.507 GC heap before
{Heap before GC invocations=13 (full 0):
 garbage-first heap   total 72704K, used 55668K [0x000000008ac00000, 0x0000000100000000)
  region size 1024K, 25 young (25600K), 4 survivors (4096K)
 Metaspace       used 52015K, committed 52352K, reserved 1097728K
  class space    used 6245K, committed 6400K, reserved 1048576K
}
Event: 3.514 GC heap after
{Heap after GC invocations=14 (full 0):
 garbage-first heap   total 72704K, used 36725K [0x000000008ac00000, 0x0000000100000000)
  region size 1024K, 3 young (3072K), 3 survivors (3072K)
 Metaspace       used 52015K, committed 52352K, reserved 1097728K
  class space    used 6245K, committed 6400K, reserved 1048576K
}
Event: 3.978 GC heap before
{Heap before GC invocations=14 (full 0):
 garbage-first heap   total 72704K, used 56181K [0x000000008ac00000, 0x0000000100000000)
  region size 1024K, 22 young (22528K), 3 survivors (3072K)
 Metaspace       used 54182K, committed 54400K, reserved 1097728K
  class space    used 6422K, committed 6528K, reserved 1048576K
}
Event: 3.986 GC heap after
{Heap after GC invocations=15 (full 0):
 garbage-first heap   total 72704K, used 39518K [0x000000008ac00000, 0x0000000100000000)
  region size 1024K, 3 young (3072K), 3 survivors (3072K)
 Metaspace       used 54182K, committed 54400K, reserved 1097728K
  class space    used 6422K, committed 6528K, reserved 1048576K
}
Event: 4.247 GC heap before
{Heap before GC invocations=16 (full 0):
 garbage-first heap   total 72704K, used 56926K [0x000000008ac00000, 0x0000000100000000)
  region size 1024K, 20 young (20480K), 3 survivors (3072K)
 Metaspace       used 54415K, committed 54720K, reserved 1097728K
  class space    used 6441K, committed 6592K, reserved 1048576K
}
Event: 4.257 GC heap after
{Heap after GC invocations=17 (full 0):
 garbage-first heap   total 72704K, used 42633K [0x000000008ac00000, 0x0000000100000000)
  region size 1024K, 3 young (3072K), 3 survivors (3072K)
 Metaspace       used 54415K, committed 54720K, reserved 1097728K
  class space    used 6441K, committed 6592K, reserved 1048576K
}
Event: 4.411 GC heap before
{Heap before GC invocations=17 (full 0):
 garbage-first heap   total 72704K, used 56969K [0x000000008ac00000, 0x0000000100000000)
  region size 1024K, 17 young (17408K), 3 survivors (3072K)
 Metaspace       used 55037K, committed 55360K, reserved 1105920K
  class space    used 6496K, committed 6656K, reserved 1048576K
}
Event: 4.418 GC heap after
{Heap after GC invocations=18 (full 0):
 garbage-first heap   total 94208K, used 44886K [0x000000008ac00000, 0x0000000100000000)
  region size 1024K, 2 young (2048K), 2 survivors (2048K)
 Metaspace       used 55037K, committed 55360K, reserved 1105920K
  class space    used 6496K, committed 6656K, reserved 1048576K
}
Event: 4.852 GC heap before
{Heap before GC invocations=19 (full 0):
 garbage-first heap   total 94208K, used 71510K [0x000000008ac00000, 0x0000000100000000)
  region size 1024K, 28 young (28672K), 2 survivors (2048K)
 Metaspace       used 59881K, committed 60160K, reserved 1105920K
  class space    used 7196K, committed 7360K, reserved 1048576K
}
Event: 4.859 GC heap after
{Heap after GC invocations=20 (full 0):
 garbage-first heap   total 94208K, used 46540K [0x000000008ac00000, 0x0000000100000000)
  region size 1024K, 4 young (4096K), 4 survivors (4096K)
 Metaspace       used 59881K, committed 60160K, reserved 1105920K
  class space    used 7196K, committed 7360K, reserved 1048576K
}
Event: 4.889 GC heap before
{Heap before GC invocations=20 (full 0):
 garbage-first heap   total 94208K, used 46540K [0x000000008ac00000, 0x0000000100000000)
  region size 1024K, 5 young (5120K), 4 survivors (4096K)
 Metaspace       used 60238K, committed 60480K, reserved 1105920K
  class space    used 7245K, committed 7360K, reserved 1048576K
}
Event: 4.894 GC heap after
{Heap after GC invocations=21 (full 0):
 garbage-first heap   total 94208K, used 46805K [0x000000008ac00000, 0x0000000100000000)
  region size 1024K, 1 young (1024K), 1 survivors (1024K)
 Metaspace       used 60238K, committed 60480K, reserved 1105920K
  class space    used 7245K, committed 7360K, reserved 1048576K
}

